{"numFailedTestSuites":0,"numFailedTests":0,"numPassedTestSuites":10,"numPassedTests":47,"numPendingTestSuites":0,"numPendingTests":0,"numRuntimeErrorTestSuites":0,"numTodoTests":0,"numTotalTestSuites":10,"numTotalTests":47,"openHandles":[],"snapshot":{"added":0,"didUpdate":false,"failure":false,"filesAdded":0,"filesRemoved":0,"filesRemovedList":[],"filesUnmatched":0,"filesUpdated":0,"matched":0,"total":0,"unchecked":0,"uncheckedKeysByFile":[],"unmatched":0,"updated":0},"startTime":1781756970327,"success":true,"testResults":[{"assertionResults":[{"ancestorTitles":["Auth Tests"],"duration":1697,"failureDetails":[],"failureMessages":[],"fullName":"Auth Tests TC_AUTH_001: / loads, title truthy, [data-testid=\"logo\"] visible","invocations":1,"location":null,"numPassingAsserts":2,"retryReasons":[],"status":"passed","title":"TC_AUTH_001: / loads, title truthy, [data-testid=\"logo\"] visible"},{"ancestorTitles":["Auth Tests"],"duration":17,"failureDetails":[],"failureMessages":[],"fullName":"Auth Tests TC_AUTH_002: /, Creator and Brand role cards visible","invocations":1,"location":null,"numPassingAsserts":2,"retryReasons":[],"status":"passed","title":"TC_AUTH_002: /, Creator and Brand role cards visible"},{"ancestorTitles":["Auth Tests"],"duration":2035,"failureDetails":[],"failureMessages":[],"fullName":"Auth Tests TC_AUTH_003: /#/login, [data-testid=\"email-input\"] visible","invocations":1,"location":null,"numPassingAsserts":1,"retryReasons":[],"status":"passed","title":"TC_AUTH_003: /#/login, [data-testid=\"email-input\"] visible"},{"ancestorTitles":["Auth Tests"],"duration":4709,"failureDetails":[],"failureMessages":[],"fullName":"Auth Tests TC_AUTH_004: /dashboard URL contains \"dashboard\"","invocations":1,"location":null,"numPassingAsserts":1,"retryReasons":[],"status":"passed","title":"TC_AUTH_004: /dashboard URL contains \"dashboard\""},{"ancestorTitles":["Auth Tests"],"duration":1671,"failureDetails":[],"failureMessages":[],"fullName":"Auth Tests TC_AUTH_005: /dashboard unauthenticated → redirects to /auth or /","invocations":1,"location":null,"numPassingAsserts":1,"retryReasons":[],"status":"passed","title":"TC_AUTH_005: /dashboard unauthenticated → redirects to /auth or /"},{"ancestorTitles":["Auth Tests"],"duration":2026,"failureDetails":[],"failureMessages":[],"fullName":"Auth Tests TC_AUTH_006: /auth, [data-testid=\"google-signin\"] visible","invocations":1,"location":null,"numPassingAsserts":1,"retryReasons":[],"status":"passed","title":"TC_AUTH_006: /auth, [data-testid=\"google-signin\"] visible"}],"endTime":1781756984182,"message":"","name":"C:\\Users\\then9\\Downloads\\PROJECT PDD\\collabroom-tests\\selenium\\tests\\auth.test.js","startTime":1781756970409,"status":"passed","summary":""},{"assertionResults":[{"ancestorTitles":["Profile Tests"],"duration":2036,"failureDetails":[],"failureMessages":[],"fullName":"Profile Tests TC_PROF_001: /profile body visible","invocations":1,"location":null,"numPassingAsserts":1,"retryReasons":[],"status":"passed","title":"TC_PROF_001: /profile body visible"},{"ancestorTitles":["Profile Tests"],"duration":2032,"failureDetails":[],"failureMessages":[],"fullName":"Profile Tests TC_PROF_002: [data-testid=\"avatar\"] visible","invocations":1,"location":null,"numPassingAsserts":1,"retryReasons":[],"status":"passed","title":"TC_PROF_002: [data-testid=\"avatar\"] visible"},{"ancestorTitles":["Profile Tests"],"duration":2013,"failureDetails":[],"failureMessages":[],"fullName":"Profile Tests TC_PROF_003: profile name or \"@\" handle visible","invocations":1,"location":null,"numPassingAsserts":1,"retryReasons":[],"status":"passed","title":"TC_PROF_003: profile name or \"@\" handle visible"},{"ancestorTitles":["Profile Tests"],"duration":2013,"failureDetails":[],"failureMessages":[],"fullName":"Profile Tests TC_PROF_004: text \"Edit\" visible","invocations":1,"location":null,"numPassingAsserts":1,"retryReasons":[],"status":"passed","title":"TC_PROF_004: text \"Edit\" visible"},{"ancestorTitles":["Profile Tests"],"duration":22077,"failureDetails":[],"failureMessages":[],"fullName":"Profile Tests TC_PROF_005: text \"Instagram\" or \"YouTube\" or \"Social\" visible","invocations":1,"location":null,"numPassingAsserts":1,"retryReasons":[],"status":"passed","title":"TC_PROF_005: text \"Instagram\" or \"YouTube\" or \"Social\" visible"},{"ancestorTitles":["Profile Tests"],"duration":2022,"failureDetails":[],"failureMessages":[],"fullName":"Profile Tests TC_PROF_006: [data-testid=\"completeness-bar\"] visible","invocations":1,"location":null,"numPassingAsserts":1,"retryReasons":[],"status":"passed","title":"TC_PROF_006: [data-testid=\"completeness-bar\"] visible"}],"endTime":1781757024234,"message":"","name":"C:\\Users\\then9\\Downloads\\PROJECT PDD\\collabroom-tests\\selenium\\tests\\profile.test.js","startTime":1781756984189,"status":"passed","summary":""},{"assertionResults":[{"ancestorTitles":["Campaigns Tests"],"duration":2025,"failureDetails":[],"failureMessages":[],"fullName":"Campaigns Tests TC_CAMP_001: /campaigns body visible","invocations":1,"location":null,"numPassingAsserts":1,"retryReasons":[],"status":"passed","title":"TC_CAMP_001: /campaigns body visible"},{"ancestorTitles":["Campaigns Tests"],"duration":2018,"failureDetails":[],"failureMessages":[],"fullName":"Campaigns Tests TC_CAMP_002: [data-testid=\"campaign-card\"] present (count > 0)","invocations":1,"location":null,"numPassingAsserts":1,"retryReasons":[],"status":"passed","title":"TC_CAMP_002: [data-testid=\"campaign-card\"] present (count > 0)"},{"ancestorTitles":["Campaigns Tests"],"duration":2015,"failureDetails":[],"failureMessages":[],"fullName":"Campaigns Tests TC_CAMP_003: filter tab buttons present (count > 0)","invocations":1,"location":null,"numPassingAsserts":1,"retryReasons":[],"status":"passed","title":"TC_CAMP_003: filter tab buttons present (count > 0)"},{"ancestorTitles":["Campaigns Tests"],"duration":12040,"failureDetails":[],"failureMessages":[],"fullName":"Campaigns Tests TC_CAMP_004: [data-testid=\"submit-interest-btn\"] visible","invocations":1,"location":null,"numPassingAsserts":0,"retryReasons":[],"status":"passed","title":"TC_CAMP_004: [data-testid=\"submit-interest-btn\"] visible"},{"ancestorTitles":["Campaigns Tests"],"duration":3077,"failureDetails":[],"failureMessages":[],"fullName":"Campaigns Tests TC_CAMP_005: clicking campaign card changes URL away from /campaigns","invocations":1,"location":null,"numPassingAsserts":1,"retryReasons":[],"status":"passed","title":"TC_CAMP_005: clicking campaign card changes URL away from /campaigns"},{"ancestorTitles":["Campaigns Tests"],"duration":2022,"failureDetails":[],"failureMessages":[],"fullName":"Campaigns Tests TC_CAMP_006: text \"Create\" or \"New Campaign\" or \"Browse\" visible","invocations":1,"location":null,"numPassingAsserts":1,"retryReasons":[],"status":"passed","title":"TC_CAMP_006: text \"Create\" or \"New Campaign\" or \"Browse\" visible"}],"endTime":1781757054485,"message":"","name":"C:\\Users\\then9\\Downloads\\PROJECT PDD\\collabroom-tests\\selenium\\tests\\campaigns.test.js","startTime":1781757024239,"status":"passed","summary":""},{"assertionResults":[{"ancestorTitles":["Contracts Tests"],"duration":25,"failureDetails":[],"failureMessages":[],"fullName":"Contracts Tests TC_CONT_001: /contracts body visible","invocations":1,"location":null,"numPassingAsserts":1,"retryReasons":[],"status":"passed","title":"TC_CONT_001: /contracts body visible"},{"ancestorTitles":["Contracts Tests"],"duration":1742,"failureDetails":[],"failureMessages":[],"fullName":"Contracts Tests TC_CONT_002: [data-testid=\"contract-card\"] present (count > 0)","invocations":1,"location":null,"numPassingAsserts":1,"retryReasons":[],"status":"passed","title":"TC_CONT_002: [data-testid=\"contract-card\"] present (count > 0)"},{"ancestorTitles":["Contracts Tests"],"duration":1031,"failureDetails":[],"failureMessages":[],"fullName":"Contracts Tests TC_CONT_003: [data-testid=\"contract-status\"] with status text","invocations":1,"location":null,"numPassingAsserts":1,"retryReasons":[],"status":"passed","title":"TC_CONT_003: [data-testid=\"contract-status\"] with status text"},{"ancestorTitles":["Contracts Tests"],"duration":2075,"failureDetails":[],"failureMessages":[],"fullName":"Contracts Tests TC_CONT_004: clicking contract card changes URL","invocations":1,"location":null,"numPassingAsserts":1,"retryReasons":[],"status":"passed","title":"TC_CONT_004: clicking contract card changes URL"}],"endTime":1781757067986,"message":"","name":"C:\\Users\\then9\\Downloads\\PROJECT PDD\\collabroom-tests\\selenium\\tests\\contracts.test.js","startTime":1781757054500,"status":"passed","summary":""},{"assertionResults":[{"ancestorTitles":["Search Tests"],"duration":2023,"failureDetails":[],"failureMessages":[],"fullName":"Search Tests TC_SRCH_001: /discover body visible","invocations":1,"location":null,"numPassingAsserts":1,"retryReasons":[],"status":"passed","title":"TC_SRCH_001: /discover body visible"},{"ancestorTitles":["Search Tests"],"duration":2015,"failureDetails":[],"failureMessages":[],"fullName":"Search Tests TC_SRCH_002: search input visible","invocations":1,"location":null,"numPassingAsserts":1,"retryReasons":[],"status":"passed","title":"TC_SRCH_002: search input visible"},{"ancestorTitles":["Search Tests"],"duration":4086,"failureDetails":[],"failureMessages":[],"fullName":"Search Tests TC_SRCH_003: sendKeys(\"fashion\") → card results appear","invocations":1,"location":null,"numPassingAsserts":1,"retryReasons":[],"status":"passed","title":"TC_SRCH_003: sendKeys(\"fashion\") → card results appear"},{"ancestorTitles":["Search Tests"],"duration":2013,"failureDetails":[],"failureMessages":[],"fullName":"Search Tests TC_SRCH_004: \"Filter\" text or button visible","invocations":1,"location":null,"numPassingAsserts":1,"retryReasons":[],"status":"passed","title":"TC_SRCH_004: \"Filter\" text or button visible"},{"ancestorTitles":["Search Tests"],"duration":2012,"failureDetails":[],"failureMessages":[],"fullName":"Search Tests TC_SRCH_005: \"K\" or \"M\" or \"followers\" text visible","invocations":1,"location":null,"numPassingAsserts":1,"retryReasons":[],"status":"passed","title":"TC_SRCH_005: \"K\" or \"M\" or \"followers\" text visible"}],"endTime":1781757086471,"message":"","name":"C:\\Users\\then9\\Downloads\\PROJECT PDD\\collabroom-tests\\selenium\\tests\\search.test.js","startTime":1781757067992,"status":"passed","summary":""},{"assertionResults":[{"ancestorTitles":["Collab Room Tests"],"duration":22,"failureDetails":[],"failureMessages":[],"fullName":"Collab Room Tests TC_COLLAB_001: /collab-room/room-001 body visible","invocations":1,"location":null,"numPassingAsserts":1,"retryReasons":[],"status":"passed","title":"TC_COLLAB_001: /collab-room/room-001 body visible"},{"ancestorTitles":["Collab Room Tests"],"duration":538,"failureDetails":[],"failureMessages":[],"fullName":"Collab Room Tests TC_COLLAB_002: [data-testid=\"milestone-timeline\"] visible","invocations":1,"location":null,"numPassingAsserts":1,"retryReasons":[],"status":"passed","title":"TC_COLLAB_002: [data-testid=\"milestone-timeline\"] visible"},{"ancestorTitles":["Collab Room Tests"],"duration":18,"failureDetails":[],"failureMessages":[],"fullName":"Collab Room Tests TC_COLLAB_003: [data-testid=\"message-area\"] visible","invocations":1,"location":null,"numPassingAsserts":1,"retryReasons":[],"status":"passed","title":"TC_COLLAB_003: [data-testid=\"message-area\"] visible"},{"ancestorTitles":["Collab Room Tests"],"duration":21,"failureDetails":[],"failureMessages":[],"fullName":"Collab Room Tests TC_COLLAB_004: [data-testid=\"message-input\"] visible","invocations":1,"location":null,"numPassingAsserts":1,"retryReasons":[],"status":"passed","title":"TC_COLLAB_004: [data-testid=\"message-input\"] visible"}],"endTime":1781757092262,"message":"","name":"C:\\Users\\then9\\Downloads\\PROJECT PDD\\collabroom-tests\\selenium\\tests\\collab-room.test.js","startTime":1781757086475,"status":"passed","summary":""},{"assertionResults":[{"ancestorTitles":["Inbox Tests"],"duration":30,"failureDetails":[],"failureMessages":[],"fullName":"Inbox Tests TC_INBX_001: /inbox body visible","invocations":1,"location":null,"numPassingAsserts":1,"retryReasons":[],"status":"passed","title":"TC_INBX_001: /inbox body visible"},{"ancestorTitles":["Inbox Tests"],"duration":11045,"failureDetails":[],"failureMessages":[],"fullName":"Inbox Tests TC_INBX_002: conversation list items visible (count > 0)","invocations":1,"location":null,"numPassingAsserts":0,"retryReasons":[],"status":"passed","title":"TC_INBX_002: conversation list items visible (count > 0)"},{"ancestorTitles":["Inbox Tests"],"duration":21087,"failureDetails":[],"failureMessages":[],"fullName":"Inbox Tests TC_INBX_003: clicking first conversation → message input/textarea appears","invocations":1,"location":null,"numPassingAsserts":0,"retryReasons":[],"status":"passed","title":"TC_INBX_003: clicking first conversation → message input/textarea appears"}],"endTime":1781757130684,"message":"","name":"C:\\Users\\then9\\Downloads\\PROJECT PDD\\collabroom-tests\\selenium\\tests\\inbox.test.js","startTime":1781757092267,"status":"passed","summary":""},{"assertionResults":[{"ancestorTitles":["Dashboard Tests"],"duration":2027,"failureDetails":[],"failureMessages":[],"fullName":"Dashboard Tests TC_DASH_001: /dashboard body visible","invocations":1,"location":null,"numPassingAsserts":1,"retryReasons":[],"status":"passed","title":"TC_DASH_001: /dashboard body visible"},{"ancestorTitles":["Dashboard Tests"],"duration":2027,"failureDetails":[],"failureMessages":[],"fullName":"Dashboard Tests TC_DASH_002: [class*=\"card\"] elements present (count > 0)","invocations":1,"location":null,"numPassingAsserts":1,"retryReasons":[],"status":"passed","title":"TC_DASH_002: [class*=\"card\"] elements present (count > 0)"},{"ancestorTitles":["Dashboard Tests"],"duration":2024,"failureDetails":[],"failureMessages":[],"fullName":"Dashboard Tests TC_DASH_003: [data-testid=\"sidebar\"] visible","invocations":1,"location":null,"numPassingAsserts":1,"retryReasons":[],"status":"passed","title":"TC_DASH_003: [data-testid=\"sidebar\"] visible"},{"ancestorTitles":["Dashboard Tests"],"duration":12018,"failureDetails":[],"failureMessages":[],"fullName":"Dashboard Tests TC_DASH_004: h1 or h2 visible","invocations":1,"location":null,"numPassingAsserts":1,"retryReasons":[],"status":"passed","title":"TC_DASH_004: h1 or h2 visible"},{"ancestorTitles":["Dashboard Tests"],"duration":2042,"failureDetails":[],"failureMessages":[],"fullName":"Dashboard Tests TC_DASH_005: [data-testid=\"wallet-balance\"] visible","invocations":1,"location":null,"numPassingAsserts":1,"retryReasons":[],"status":"passed","title":"TC_DASH_005: [data-testid=\"wallet-balance\"] visible"}],"endTime":1781757156880,"message":"","name":"C:\\Users\\then9\\Downloads\\PROJECT PDD\\collabroom-tests\\selenium\\tests\\dashboard.test.js","startTime":1781757130690,"status":"passed","summary":""},{"assertionResults":[{"ancestorTitles":["Wallet Tests"],"duration":1509,"failureDetails":[],"failureMessages":[],"fullName":"Wallet Tests TC_WALL_001: /wallet body visible","invocations":1,"location":null,"numPassingAsserts":1,"retryReasons":[],"status":"passed","title":"TC_WALL_001: /wallet body visible"},{"ancestorTitles":["Wallet Tests"],"duration":1044,"failureDetails":[],"failureMessages":[],"fullName":"Wallet Tests TC_WALL_002: [data-testid=\"available-balance\"] with ₹ or \"Balance\" text","invocations":1,"location":null,"numPassingAsserts":1,"retryReasons":[],"status":"passed","title":"TC_WALL_002: [data-testid=\"available-balance\"] with ₹ or \"Balance\" text"},{"ancestorTitles":["Wallet Tests"],"duration":11085,"failureDetails":[],"failureMessages":[],"fullName":"Wallet Tests TC_WALL_003: [data-testid=\"transaction-item\"] present (count > 0)","invocations":1,"location":null,"numPassingAsserts":0,"retryReasons":[],"status":"passed","title":"TC_WALL_003: [data-testid=\"transaction-item\"] present (count > 0)"},{"ancestorTitles":["Wallet Tests"],"duration":1021,"failureDetails":[],"failureMessages":[],"fullName":"Wallet Tests TC_WALL_004: \"Pending\" or \"Available\" or \"Locked\" text visible","invocations":1,"location":null,"numPassingAsserts":1,"retryReasons":[],"status":"passed","title":"TC_WALL_004: \"Pending\" or \"Available\" or \"Locked\" text visible"}],"endTime":1781757177162,"message":"","name":"C:\\Users\\then9\\Downloads\\PROJECT PDD\\collabroom-tests\\selenium\\tests\\wallet.test.js","startTime":1781757156885,"status":"passed","summary":""},{"assertionResults":[{"ancestorTitles":["Notifications Tests"],"duration":26,"failureDetails":[],"failureMessages":[],"fullName":"Notifications Tests TC_NOTIF_001: /notifications body visible","invocations":1,"location":null,"numPassingAsserts":1,"retryReasons":[],"status":"passed","title":"TC_NOTIF_001: /notifications body visible"},{"ancestorTitles":["Notifications Tests"],"duration":1025,"failureDetails":[],"failureMessages":[],"fullName":"Notifications Tests TC_NOTIF_002: [data-testid=\"notification-item\"] present (count > 0)","invocations":1,"location":null,"numPassingAsserts":1,"retryReasons":[],"status":"passed","title":"TC_NOTIF_002: [data-testid=\"notification-item\"] present (count > 0)"},{"ancestorTitles":["Notifications Tests"],"duration":19,"failureDetails":[],"failureMessages":[],"fullName":"Notifications Tests TC_NOTIF_003: [data-testid=\"mark-all-read\"] visible","invocations":1,"location":null,"numPassingAsserts":1,"retryReasons":[],"status":"passed","title":"TC_NOTIF_003: [data-testid=\"mark-all-read\"] visible"},{"ancestorTitles":["Notifications Tests"],"duration":1015,"failureDetails":[],"failureMessages":[],"fullName":"Notifications Tests TC_NOTIF_004: multiple filter buttons present (count > 1)","invocations":1,"location":null,"numPassingAsserts":1,"retryReasons":[],"status":"passed","title":"TC_NOTIF_004: multiple filter buttons present (count > 1)"}],"endTime":1781757187343,"message":"","name":"C:\\Users\\then9\\Downloads\\PROJECT PDD\\collabroom-tests\\selenium\\tests\\notifications.test.js","startTime":1781757177168,"status":"passed","summary":""}],"wasInterrupted":false}
