<?xml version="1.0" encoding="UTF-8"?>
<testsuites name="jest tests" tests="47" failures="0" errors="0" time="217.019">
  <testsuite name="Auth Tests" errors="0" failures="0" skipped="0" timestamp="2026-06-18T04:29:30" time="13.773" tests="6">
    <testcase classname="Auth Tests TC_AUTH_001: / loads, title truthy, [data-testid=&quot;logo&quot;] visible" name="Auth Tests TC_AUTH_001: / loads, title truthy, [data-testid=&quot;logo&quot;] visible" time="1.697">
    </testcase>
    <testcase classname="Auth Tests TC_AUTH_002: /, Creator and Brand role cards visible" name="Auth Tests TC_AUTH_002: /, Creator and Brand role cards visible" time="0.017">
    </testcase>
    <testcase classname="Auth Tests TC_AUTH_003: /#/login, [data-testid=&quot;email-input&quot;] visible" name="Auth Tests TC_AUTH_003: /#/login, [data-testid=&quot;email-input&quot;] visible" time="2.035">
    </testcase>
    <testcase classname="Auth Tests TC_AUTH_004: /dashboard URL contains &quot;dashboard&quot;" name="Auth Tests TC_AUTH_004: /dashboard URL contains &quot;dashboard&quot;" time="4.709">
    </testcase>
    <testcase classname="Auth Tests TC_AUTH_005: /dashboard unauthenticated → redirects to /auth or /" name="Auth Tests TC_AUTH_005: /dashboard unauthenticated → redirects to /auth or /" time="1.671">
    </testcase>
    <testcase classname="Auth Tests TC_AUTH_006: /auth, [data-testid=&quot;google-signin&quot;] visible" name="Auth Tests TC_AUTH_006: /auth, [data-testid=&quot;google-signin&quot;] visible" time="2.026">
    </testcase>
  </testsuite>
  <testsuite name="Profile Tests" errors="0" failures="0" skipped="0" timestamp="2026-06-18T04:29:44" time="40.045" tests="6">
    <testcase classname="Profile Tests TC_PROF_001: /profile body visible" name="Profile Tests TC_PROF_001: /profile body visible" time="2.036">
    </testcase>
    <testcase classname="Profile Tests TC_PROF_002: [data-testid=&quot;avatar&quot;] visible" name="Profile Tests TC_PROF_002: [data-testid=&quot;avatar&quot;] visible" time="2.032">
    </testcase>
    <testcase classname="Profile Tests TC_PROF_003: profile name or &quot;@&quot; handle visible" name="Profile Tests TC_PROF_003: profile name or &quot;@&quot; handle visible" time="2.013">
    </testcase>
    <testcase classname="Profile Tests TC_PROF_004: text &quot;Edit&quot; visible" name="Profile Tests TC_PROF_004: text &quot;Edit&quot; visible" time="2.013">
    </testcase>
    <testcase classname="Profile Tests TC_PROF_005: text &quot;Instagram&quot; or &quot;YouTube&quot; or &quot;Social&quot; visible" name="Profile Tests TC_PROF_005: text &quot;Instagram&quot; or &quot;YouTube&quot; or &quot;Social&quot; visible" time="22.077">
    </testcase>
    <testcase classname="Profile Tests TC_PROF_006: [data-testid=&quot;completeness-bar&quot;] visible" name="Profile Tests TC_PROF_006: [data-testid=&quot;completeness-bar&quot;] visible" time="2.022">
    </testcase>
  </testsuite>
  <testsuite name="Campaigns Tests" errors="0" failures="0" skipped="0" timestamp="2026-06-18T04:30:24" time="30.246" tests="6">
    <testcase classname="Campaigns Tests TC_CAMP_001: /campaigns body visible" name="Campaigns Tests TC_CAMP_001: /campaigns body visible" time="2.025">
    </testcase>
    <testcase classname="Campaigns Tests TC_CAMP_002: [data-testid=&quot;campaign-card&quot;] present (count &gt; 0)" name="Campaigns Tests TC_CAMP_002: [data-testid=&quot;campaign-card&quot;] present (count &gt; 0)" time="2.018">
    </testcase>
    <testcase classname="Campaigns Tests TC_CAMP_003: filter tab buttons present (count &gt; 0)" name="Campaigns Tests TC_CAMP_003: filter tab buttons present (count &gt; 0)" time="2.015">
    </testcase>
    <testcase classname="Campaigns Tests TC_CAMP_004: [data-testid=&quot;submit-interest-btn&quot;] visible" name="Campaigns Tests TC_CAMP_004: [data-testid=&quot;submit-interest-btn&quot;] visible" time="12.04">
    </testcase>
    <testcase classname="Campaigns Tests TC_CAMP_005: clicking campaign card changes URL away from /campaigns" name="Campaigns Tests TC_CAMP_005: clicking campaign card changes URL away from /campaigns" time="3.077">
    </testcase>
    <testcase classname="Campaigns Tests TC_CAMP_006: text &quot;Create&quot; or &quot;New Campaign&quot; or &quot;Browse&quot; visible" name="Campaigns Tests TC_CAMP_006: text &quot;Create&quot; or &quot;New Campaign&quot; or &quot;Browse&quot; visible" time="2.022">
    </testcase>
  </testsuite>
  <testsuite name="Contracts Tests" errors="0" failures="0" skipped="0" timestamp="2026-06-18T04:30:54" time="13.486" tests="4">
    <testcase classname="Contracts Tests TC_CONT_001: /contracts body visible" name="Contracts Tests TC_CONT_001: /contracts body visible" time="0.025">
    </testcase>
    <testcase classname="Contracts Tests TC_CONT_002: [data-testid=&quot;contract-card&quot;] present (count &gt; 0)" name="Contracts Tests TC_CONT_002: [data-testid=&quot;contract-card&quot;] present (count &gt; 0)" time="1.742">
    </testcase>
    <testcase classname="Contracts Tests TC_CONT_003: [data-testid=&quot;contract-status&quot;] with status text" name="Contracts Tests TC_CONT_003: [data-testid=&quot;contract-status&quot;] with status text" time="1.031">
    </testcase>
    <testcase classname="Contracts Tests TC_CONT_004: clicking contract card changes URL" name="Contracts Tests TC_CONT_004: clicking contract card changes URL" time="2.075">
    </testcase>
  </testsuite>
  <testsuite name="Search Tests" errors="0" failures="0" skipped="0" timestamp="2026-06-18T04:31:07" time="18.479" tests="5">
    <testcase classname="Search Tests TC_SRCH_001: /discover body visible" name="Search Tests TC_SRCH_001: /discover body visible" time="2.023">
    </testcase>
    <testcase classname="Search Tests TC_SRCH_002: search input visible" name="Search Tests TC_SRCH_002: search input visible" time="2.015">
    </testcase>
    <testcase classname="Search Tests TC_SRCH_003: sendKeys(&quot;fashion&quot;) → card results appear" name="Search Tests TC_SRCH_003: sendKeys(&quot;fashion&quot;) → card results appear" time="4.086">
    </testcase>
    <testcase classname="Search Tests TC_SRCH_004: &quot;Filter&quot; text or button visible" name="Search Tests TC_SRCH_004: &quot;Filter&quot; text or button visible" time="2.013">
    </testcase>
    <testcase classname="Search Tests TC_SRCH_005: &quot;K&quot; or &quot;M&quot; or &quot;followers&quot; text visible" name="Search Tests TC_SRCH_005: &quot;K&quot; or &quot;M&quot; or &quot;followers&quot; text visible" time="2.012">
    </testcase>
  </testsuite>
  <testsuite name="Collab Room Tests" errors="0" failures="0" skipped="0" timestamp="2026-06-18T04:31:26" time="5.787" tests="4">
    <testcase classname="Collab Room Tests TC_COLLAB_001: /collab-room/room-001 body visible" name="Collab Room Tests TC_COLLAB_001: /collab-room/room-001 body visible" time="0.022">
    </testcase>
    <testcase classname="Collab Room Tests TC_COLLAB_002: [data-testid=&quot;milestone-timeline&quot;] visible" name="Collab Room Tests TC_COLLAB_002: [data-testid=&quot;milestone-timeline&quot;] visible" time="0.538">
    </testcase>
    <testcase classname="Collab Room Tests TC_COLLAB_003: [data-testid=&quot;message-area&quot;] visible" name="Collab Room Tests TC_COLLAB_003: [data-testid=&quot;message-area&quot;] visible" time="0.018">
    </testcase>
    <testcase classname="Collab Room Tests TC_COLLAB_004: [data-testid=&quot;message-input&quot;] visible" name="Collab Room Tests TC_COLLAB_004: [data-testid=&quot;message-input&quot;] visible" time="0.021">
    </testcase>
  </testsuite>
  <testsuite name="Inbox Tests" errors="0" failures="0" skipped="0" timestamp="2026-06-18T04:31:32" time="38.417" tests="3">
    <testcase classname="Inbox Tests TC_INBX_001: /inbox body visible" name="Inbox Tests TC_INBX_001: /inbox body visible" time="0.03">
    </testcase>
    <testcase classname="Inbox Tests TC_INBX_002: conversation list items visible (count &gt; 0)" name="Inbox Tests TC_INBX_002: conversation list items visible (count &gt; 0)" time="11.045">
    </testcase>
    <testcase classname="Inbox Tests TC_INBX_003: clicking first conversation → message input/textarea appears" name="Inbox Tests TC_INBX_003: clicking first conversation → message input/textarea appears" time="21.087">
    </testcase>
  </testsuite>
  <testsuite name="Dashboard Tests" errors="0" failures="0" skipped="0" timestamp="2026-06-18T04:32:10" time="26.19" tests="5">
    <testcase classname="Dashboard Tests TC_DASH_001: /dashboard body visible" name="Dashboard Tests TC_DASH_001: /dashboard body visible" time="2.027">
    </testcase>
    <testcase classname="Dashboard Tests TC_DASH_002: [class*=&quot;card&quot;] elements present (count &gt; 0)" name="Dashboard Tests TC_DASH_002: [class*=&quot;card&quot;] elements present (count &gt; 0)" time="2.027">
    </testcase>
    <testcase classname="Dashboard Tests TC_DASH_003: [data-testid=&quot;sidebar&quot;] visible" name="Dashboard Tests TC_DASH_003: [data-testid=&quot;sidebar&quot;] visible" time="2.024">
    </testcase>
    <testcase classname="Dashboard Tests TC_DASH_004: h1 or h2 visible" name="Dashboard Tests TC_DASH_004: h1 or h2 visible" time="12.018">
    </testcase>
    <testcase classname="Dashboard Tests TC_DASH_005: [data-testid=&quot;wallet-balance&quot;] visible" name="Dashboard Tests TC_DASH_005: [data-testid=&quot;wallet-balance&quot;] visible" time="2.042">
    </testcase>
  </testsuite>
  <testsuite name="Wallet Tests" errors="0" failures="0" skipped="0" timestamp="2026-06-18T04:32:36" time="20.277" tests="4">
    <testcase classname="Wallet Tests TC_WALL_001: /wallet body visible" name="Wallet Tests TC_WALL_001: /wallet body visible" time="1.509">
    </testcase>
    <testcase classname="Wallet Tests TC_WALL_002: [data-testid=&quot;available-balance&quot;] with ₹ or &quot;Balance&quot; text" name="Wallet Tests TC_WALL_002: [data-testid=&quot;available-balance&quot;] with ₹ or &quot;Balance&quot; text" time="1.044">
    </testcase>
    <testcase classname="Wallet Tests TC_WALL_003: [data-testid=&quot;transaction-item&quot;] present (count &gt; 0)" name="Wallet Tests TC_WALL_003: [data-testid=&quot;transaction-item&quot;] present (count &gt; 0)" time="11.085">
    </testcase>
    <testcase classname="Wallet Tests TC_WALL_004: &quot;Pending&quot; or &quot;Available&quot; or &quot;Locked&quot; text visible" name="Wallet Tests TC_WALL_004: &quot;Pending&quot; or &quot;Available&quot; or &quot;Locked&quot; text visible" time="1.021">
    </testcase>
  </testsuite>
  <testsuite name="Notifications Tests" errors="0" failures="0" skipped="0" timestamp="2026-06-18T04:32:57" time="10.175" tests="4">
    <testcase classname="Notifications Tests TC_NOTIF_001: /notifications body visible" name="Notifications Tests TC_NOTIF_001: /notifications body visible" time="0.026">
    </testcase>
    <testcase classname="Notifications Tests TC_NOTIF_002: [data-testid=&quot;notification-item&quot;] present (count &gt; 0)" name="Notifications Tests TC_NOTIF_002: [data-testid=&quot;notification-item&quot;] present (count &gt; 0)" time="1.025">
    </testcase>
    <testcase classname="Notifications Tests TC_NOTIF_003: [data-testid=&quot;mark-all-read&quot;] visible" name="Notifications Tests TC_NOTIF_003: [data-testid=&quot;mark-all-read&quot;] visible" time="0.019">
    </testcase>
    <testcase classname="Notifications Tests TC_NOTIF_004: multiple filter buttons present (count &gt; 1)" name="Notifications Tests TC_NOTIF_004: multiple filter buttons present (count &gt; 1)" time="1.015">
    </testcase>
  </testsuite>
</testsuites>